<?xml version="1.0" encoding="UTF-8"?>
<testng-results skipped="0" failed="0" total="1" passed="1">
  <reporter-output>
  </reporter-output>
  <suite name="Automation Test" duration-ms="57" started-at="2016-07-19T03:03:52Z" finished-at="2016-07-19T03:03:52Z">
    <groups>
    </groups>
    <test name="raftests" duration-ms="57" started-at="2016-07-19T03:03:52Z" finished-at="2016-07-19T03:03:52Z">
      <class name="rafJenkins.rafhelloworld">
        <test-method status="PASS" signature="testPrintHelloWorld()[pri:0, instance:rafJenkins.rafhelloworld@3ecf72fd]" name="testPrintHelloWorld" duration-ms="21" started-at="2016-07-18T22:03:52Z" finished-at="2016-07-18T22:03:52Z">
          <reporter-output>
          </reporter-output>
        </test-method> <!-- testPrintHelloWorld -->
      </class> <!-- rafJenkins.rafhelloworld -->
    </test> <!-- raftests -->
  </suite> <!-- Automation Test -->
</testng-results>
